2021-09-26 00:49:29,279 INFO com.example.demo.CrackInterviewApplication [restartedMain] Starting CrackInterviewApplication on love-ThinkPad-E470 with PID 36759 (/home/love/Documents/CrackInterview/thawing-fjord-47125/target/classes started by love in /home/love/Documents/CrackInterview/thawing-fjord-47125)
2021-09-26 00:49:29,355 INFO com.example.demo.CrackInterviewApplication [restartedMain] No active profile set, falling back to default profiles: default
2021-09-26 00:49:48,124 INFO org.apache.catalina.core.StandardService [restartedMain] Starting service [Tomcat]
2021-09-26 00:49:48,124 INFO org.apache.catalina.core.StandardEngine [restartedMain] Starting Servlet engine: [Apache Tomcat/9.0.21]
2021-09-26 00:49:49,310 INFO org.apache.catalina.core.ContainerBase.[Tomcat].[localhost].[/] [restartedMain] Initializing Spring embedded WebApplicationContext
2021-09-26 00:49:49,397 INFO com.example.demo.SimpleCORSFilter [restartedMain] SimpleCORSFilter init
2021-09-26 00:49:51,243 INFO com.zaxxer.hikari.HikariDataSource [restartedMain] HikariPool-1 - Starting...
2021-09-26 00:49:56,318 INFO com.zaxxer.hikari.HikariDataSource [restartedMain] HikariPool-1 - Start completed.
2021-09-26 00:49:58,198 INFO org.hibernate.jpa.internal.util.LogHelper [restartedMain] HHH000204: Processing PersistenceUnitInfo [
	name: default
	...]
2021-09-26 00:50:01,184 INFO org.hibernate.Version [restartedMain] HHH000412: Hibernate Core {5.3.10.Final}
2021-09-26 00:50:01,279 INFO org.hibernate.cfg.Environment [restartedMain] HHH000206: hibernate.properties not found
2021-09-26 00:50:06,469 INFO org.hibernate.annotations.common.Version [restartedMain] HCANN000001: Hibernate Commons Annotations {5.0.4.Final}
2021-09-26 00:50:07,819 INFO org.hibernate.dialect.Dialect [restartedMain] HHH000400: Using dialect: org.hibernate.dialect.PostgreSQLDialect
2021-09-26 00:50:10,072 INFO org.hibernate.engine.jdbc.env.internal.LobCreatorBuilderImpl [restartedMain] HHH000424: Disabling contextual LOB creation as createClob() method threw error : java.lang.reflect.InvocationTargetException
java.lang.reflect.InvocationTargetException: null
	at java.base/jdk.internal.reflect.NativeMethodAccessorImpl.invoke0(Native Method)
	at java.base/jdk.internal.reflect.NativeMethodAccessorImpl.invoke(NativeMethodAccessorImpl.java:62)
	at java.base/jdk.internal.reflect.DelegatingMethodAccessorImpl.invoke(DelegatingMethodAccessorImpl.java:43)
	at java.base/java.lang.reflect.Method.invoke(Method.java:566)
	at org.hibernate.engine.jdbc.env.internal.LobCreatorBuilderImpl.useContextualLobCreation(LobCreatorBuilderImpl.java:113)
	at org.hibernate.engine.jdbc.env.internal.LobCreatorBuilderImpl.makeLobCreatorBuilder(LobCreatorBuilderImpl.java:54)
	at org.hibernate.engine.jdbc.env.internal.JdbcEnvironmentImpl.<init>(JdbcEnvironmentImpl.java:271)
	at org.hibernate.engine.jdbc.env.internal.JdbcEnvironmentInitiator.initiateService(JdbcEnvironmentInitiator.java:114)
	at org.hibernate.engine.jdbc.env.internal.JdbcEnvironmentInitiator.initiateService(JdbcEnvironmentInitiator.java:35)
	at org.hibernate.boot.registry.internal.StandardServiceRegistryImpl.initiateService(StandardServiceRegistryImpl.java:94)
	at org.hibernate.service.internal.AbstractServiceRegistryImpl.createService(AbstractServiceRegistryImpl.java:263)
	at org.hibernate.service.internal.AbstractServiceRegistryImpl.initializeService(AbstractServiceRegistryImpl.java:237)
	at org.hibernate.service.internal.AbstractServiceRegistryImpl.getService(AbstractServiceRegistryImpl.java:214)
	at org.hibernate.id.factory.internal.DefaultIdentifierGeneratorFactory.injectServices(DefaultIdentifierGeneratorFactory.java:152)
	at org.hibernate.service.internal.AbstractServiceRegistryImpl.injectDependencies(AbstractServiceRegistryImpl.java:286)
	at org.hibernate.service.internal.AbstractServiceRegistryImpl.initializeService(AbstractServiceRegistryImpl.java:243)
	at org.hibernate.service.internal.AbstractServiceRegistryImpl.getService(AbstractServiceRegistryImpl.java:214)
	at org.hibernate.boot.internal.InFlightMetadataCollectorImpl.<init>(InFlightMetadataCollectorImpl.java:179)
	at org.hibernate.boot.model.process.spi.MetadataBuildingProcess.complete(MetadataBuildingProcess.java:119)
	at org.hibernate.jpa.boot.internal.EntityManagerFactoryBuilderImpl.metadata(EntityManagerFactoryBuilderImpl.java:904)
	at org.hibernate.jpa.boot.internal.EntityManagerFactoryBuilderImpl.build(EntityManagerFactoryBuilderImpl.java:935)
	at org.springframework.orm.jpa.vendor.SpringHibernateJpaPersistenceProvider.createContainerEntityManagerFactory(SpringHibernateJpaPersistenceProvider.java:57)
	at org.springframework.orm.jpa.LocalContainerEntityManagerFactoryBean.createNativeEntityManagerFactory(LocalContainerEntityManagerFactoryBean.java:365)
	at org.springframework.orm.jpa.AbstractEntityManagerFactoryBean.buildNativeEntityManagerFactory(AbstractEntityManagerFactoryBean.java:390)
	at org.springframework.orm.jpa.AbstractEntityManagerFactoryBean.afterPropertiesSet(AbstractEntityManagerFactoryBean.java:377)
	at org.springframework.orm.jpa.LocalContainerEntityManagerFactoryBean.afterPropertiesSet(LocalContainerEntityManagerFactoryBean.java:341)
	at org.springframework.beans.factory.support.AbstractAutowireCapableBeanFactory.invokeInitMethods(AbstractAutowireCapableBeanFactory.java:1837)
	at org.springframework.beans.factory.support.AbstractAutowireCapableBeanFactory.initializeBean(AbstractAutowireCapableBeanFactory.java:1774)
	at org.springframework.beans.factory.support.AbstractAutowireCapableBeanFactory.doCreateBean(AbstractAutowireCapableBeanFactory.java:593)
	at org.springframework.beans.factory.support.AbstractAutowireCapableBeanFactory.createBean(AbstractAutowireCapableBeanFactory.java:515)
	at org.springframework.beans.factory.support.AbstractBeanFactory.lambda$doGetBean$0(AbstractBeanFactory.java:320)
	at org.springframework.beans.factory.support.DefaultSingletonBeanRegistry.getSingleton(DefaultSingletonBeanRegistry.java:222)
	at org.springframework.beans.factory.support.AbstractBeanFactory.doGetBean(AbstractBeanFactory.java:318)
	at org.springframework.beans.factory.support.AbstractBeanFactory.getBean(AbstractBeanFactory.java:199)
	at org.springframework.context.support.AbstractApplicationContext.getBean(AbstractApplicationContext.java:1105)
	at org.springframework.context.support.AbstractApplicationContext.finishBeanFactoryInitialization(AbstractApplicationContext.java:867)
	at org.springframework.context.support.AbstractApplicationContext.refresh(AbstractApplicationContext.java:549)
	at org.springframework.boot.web.servlet.context.ServletWebServerApplicationContext.refresh(ServletWebServerApplicationContext.java:140)
	at org.springframework.boot.SpringApplication.refresh(SpringApplication.java:742)
	at org.springframework.boot.SpringApplication.refreshContext(SpringApplication.java:389)
	at org.springframework.boot.SpringApplication.run(SpringApplication.java:311)
	at org.springframework.boot.SpringApplication.run(SpringApplication.java:1213)
	at org.springframework.boot.SpringApplication.run(SpringApplication.java:1202)
	at com.example.demo.CrackInterviewApplication.main(CrackInterviewApplication.java:23)
	at java.base/jdk.internal.reflect.NativeMethodAccessorImpl.invoke0(Native Method)
	at java.base/jdk.internal.reflect.NativeMethodAccessorImpl.invoke(NativeMethodAccessorImpl.java:62)
	at java.base/jdk.internal.reflect.DelegatingMethodAccessorImpl.invoke(DelegatingMethodAccessorImpl.java:43)
	at java.base/java.lang.reflect.Method.invoke(Method.java:566)
	at org.springframework.boot.devtools.restart.RestartLauncher.run(RestartLauncher.java:49)
Caused by: java.sql.SQLFeatureNotSupportedException: Method org.postgresql.jdbc.PgConnection.createClob() is not yet implemented.
	at org.postgresql.Driver.notImplemented(Driver.java:688)
	at org.postgresql.jdbc.PgConnection.createClob(PgConnection.java:1269)
	... 49 common frames omitted
2021-09-26 00:50:10,134 INFO org.hibernate.type.BasicTypeRegistry [restartedMain] HHH000270: Type registration [java.util.UUID] overrides previous : org.hibernate.type.UUIDBinaryType@5d3a628a
2021-09-26 00:50:12,191 INFO org.hibernate.tuple.entity.EntityMetamodel [restartedMain] HHH000157: Lazy property fetching available for: com.example.demo.model.Course
2021-09-26 00:50:12,222 INFO org.hibernate.tuple.entity.EntityMetamodel [restartedMain] HHH000157: Lazy property fetching available for: com.example.demo.model.Questions
2021-09-26 00:50:12,233 INFO org.hibernate.tuple.entity.EntityMetamodel [restartedMain] HHH000157: Lazy property fetching available for: com.example.demo.model.SubTopics
2021-09-26 00:50:15,502 INFO org.hibernate.hql.internal.QueryTranslatorFactoryInitiator [restartedMain] HHH000397: Using ASTQueryTranslatorFactory
2021-09-26 00:50:22,142 INFO com.example.demo.CrackInterviewApplication [restartedMain] Started CrackInterviewApplication in 55.486 seconds (JVM running for 64.355)
2021-09-26 00:50:50,162 INFO org.apache.catalina.core.ContainerBase.[Tomcat].[localhost].[/] [http-nio-8083-exec-2] Initializing Spring DispatcherServlet 'dispatcherServlet'
2021-09-26 00:50:50,611 DEBUG org.hibernate.SQL [http-nio-8083-exec-2] select questions0_.question_id as question1_4_, questions0_.course_id as course_i2_4_, questions0_.course_name as course_n3_4_, questions0_.dashboard_flag as dashboar4_4_, questions0_.description as descript5_4_, questions0_.expanded as expanded6_4_, questions0_.flag as flag7_4_, questions0_.file_name as file_nam8_4_, questions0_.index as index9_4_, questions0_.likes as likes10_4_, questions0_.mat_card_flag as mat_car11_4_, questions0_.questions_name as questio12_4_, questions0_.sub_sub_topic_id as sub_sub13_4_, questions0_.sub_topic_name as sub_top14_4_, questions0_.sub_topic_id as sub_top18_4_, questions0_.topic_id as topic_i15_4_, questions0_.topic_name as topic_n16_4_, questions0_.year as year17_4_ from questions questions0_
2021-09-26 00:50:50,612 DEBUG org.hibernate.SQL [http-nio-8083-exec-1] select course0_.course_id as course_i1_2_, course0_.course_name as course_n2_2_ from course course0_
2021-09-26 00:50:50,638 DEBUG org.hibernate.SQL [http-nio-8083-exec-3] select advertisem0_.adv_id as adv_id1_0_, advertisem0_.product_link as product_2_0_ from advertisement advertisem0_
2021-09-26 00:50:50,728 DEBUG org.hibernate.SQL [http-nio-8083-exec-2] select subtopics0_.sub_topic_id as sub_topi1_5_0_, subtopics0_.sub_topic_year as sub_topi2_5_0_, subtopics0_.dashboard_flag as dashboar3_5_0_, subtopics0_.index as index4_5_0_, subtopics0_.sub_topic_name as sub_topi5_5_0_, subtopics0_.topic_id as topic_id6_5_0_ from sub_topics subtopics0_ where subtopics0_.sub_topic_id=?
2021-09-26 00:50:50,813 DEBUG org.hibernate.SQL [http-nio-8083-exec-2] select topics0_.topic_id as topic_id1_6_0_, topics0_.course_id as course_i6_6_0_, topics0_.dashboard_flag as dashboar2_6_0_, topics0_.expanded as expanded3_6_0_, topics0_.index as index4_6_0_, topics0_.topic_name as topic_na5_6_0_, topicsset1_.topic_id as topic_id6_5_1_, topicsset1_.sub_topic_id as sub_topi1_5_1_, topicsset1_.sub_topic_id as sub_topi1_5_2_, topicsset1_.sub_topic_year as sub_topi2_5_2_, topicsset1_.dashboard_flag as dashboar3_5_2_, topicsset1_.index as index4_5_2_, topicsset1_.sub_topic_name as sub_topi5_5_2_, topicsset1_.topic_id as topic_id6_5_2_ from topics topics0_ left outer join sub_topics topicsset1_ on topics0_.topic_id=topicsset1_.topic_id where topics0_.topic_id=?
2021-09-26 00:50:50,929 DEBUG org.hibernate.SQL [http-nio-8083-exec-2] select course0_.course_id as course_i1_2_0_, course0_.course_name as course_n2_2_0_ from course course0_ where course0_.course_id=?
2021-09-26 00:50:51,063 DEBUG org.hibernate.SQL [http-nio-8083-exec-1] select topics0_.course_id as course_i6_6_0_, topics0_.topic_id as topic_id1_6_0_, topics0_.topic_id as topic_id1_6_1_, topics0_.course_id as course_i6_6_1_, topics0_.dashboard_flag as dashboar2_6_1_, topics0_.expanded as expanded3_6_1_, topics0_.index as index4_6_1_, topics0_.topic_name as topic_na5_6_1_ from topics topics0_ where topics0_.course_id=?
2021-09-26 00:50:51,067 DEBUG org.hibernate.SQL [http-nio-8083-exec-2] select answers0_.question_id as question3_1_0_, answers0_.ans_id as ans_id1_1_0_, answers0_.ans_id as ans_id1_1_1_, answers0_.ans as ans2_1_1_, answers0_.question_id as question3_1_1_ from answers answers0_ where answers0_.question_id=?
2021-09-26 00:50:51,082 DEBUG org.hibernate.SQL [http-nio-8083-exec-1] select topicsset0_.topic_id as topic_id6_5_0_, topicsset0_.sub_topic_id as sub_topi1_5_0_, topicsset0_.sub_topic_id as sub_topi1_5_1_, topicsset0_.sub_topic_year as sub_topi2_5_1_, topicsset0_.dashboard_flag as dashboar3_5_1_, topicsset0_.index as index4_5_1_, topicsset0_.sub_topic_name as sub_topi5_5_1_, topicsset0_.topic_id as topic_id6_5_1_ from sub_topics topicsset0_ where topicsset0_.topic_id=?
2021-09-26 00:50:51,137 DEBUG org.hibernate.SQL [http-nio-8083-exec-2] select answers0_.question_id as question3_1_0_, answers0_.ans_id as ans_id1_1_0_, answers0_.ans_id as ans_id1_1_1_, answers0_.ans as ans2_1_1_, answers0_.question_id as question3_1_1_ from answers answers0_ where answers0_.question_id=?
2021-09-26 00:50:51,140 DEBUG org.hibernate.SQL [http-nio-8083-exec-4] select course0_.course_id as course_i1_2_, course0_.course_name as course_n2_2_ from course course0_
2021-09-26 00:50:51,147 DEBUG org.hibernate.SQL [http-nio-8083-exec-2] select answers0_.question_id as question3_1_0_, answers0_.ans_id as ans_id1_1_0_, answers0_.ans_id as ans_id1_1_1_, answers0_.ans as ans2_1_1_, answers0_.question_id as question3_1_1_ from answers answers0_ where answers0_.question_id=?
2021-09-26 00:50:51,155 DEBUG org.hibernate.SQL [http-nio-8083-exec-4] select topics0_.course_id as course_i6_6_0_, topics0_.topic_id as topic_id1_6_0_, topics0_.topic_id as topic_id1_6_1_, topics0_.course_id as course_i6_6_1_, topics0_.dashboard_flag as dashboar2_6_1_, topics0_.expanded as expanded3_6_1_, topics0_.index as index4_6_1_, topics0_.topic_name as topic_na5_6_1_ from topics topics0_ where topics0_.course_id=?
2021-09-26 00:50:51,160 DEBUG org.hibernate.SQL [http-nio-8083-exec-2] select answers0_.question_id as question3_1_0_, answers0_.ans_id as ans_id1_1_0_, answers0_.ans_id as ans_id1_1_1_, answers0_.ans as ans2_1_1_, answers0_.question_id as question3_1_1_ from answers answers0_ where answers0_.question_id=?
2021-09-26 00:50:51,165 DEBUG org.hibernate.SQL [http-nio-8083-exec-4] select topicsset0_.topic_id as topic_id6_5_0_, topicsset0_.sub_topic_id as sub_topi1_5_0_, topicsset0_.sub_topic_id as sub_topi1_5_1_, topicsset0_.sub_topic_year as sub_topi2_5_1_, topicsset0_.dashboard_flag as dashboar3_5_1_, topicsset0_.index as index4_5_1_, topicsset0_.sub_topic_name as sub_topi5_5_1_, topicsset0_.topic_id as topic_id6_5_1_ from sub_topics topicsset0_ where topicsset0_.topic_id=?
2021-09-26 00:50:51,208 DEBUG org.hibernate.SQL [http-nio-8083-exec-5] select course0_.course_id as course_i1_2_, course0_.course_name as course_n2_2_ from course course0_
2021-09-26 00:50:51,211 DEBUG org.hibernate.SQL [http-nio-8083-exec-5] select topics0_.course_id as course_i6_6_0_, topics0_.topic_id as topic_id1_6_0_, topics0_.topic_id as topic_id1_6_1_, topics0_.course_id as course_i6_6_1_, topics0_.dashboard_flag as dashboar2_6_1_, topics0_.expanded as expanded3_6_1_, topics0_.index as index4_6_1_, topics0_.topic_name as topic_na5_6_1_ from topics topics0_ where topics0_.course_id=?
2021-09-26 00:50:51,215 DEBUG org.hibernate.SQL [http-nio-8083-exec-5] select topicsset0_.topic_id as topic_id6_5_0_, topicsset0_.sub_topic_id as sub_topi1_5_0_, topicsset0_.sub_topic_id as sub_topi1_5_1_, topicsset0_.sub_topic_year as sub_topi2_5_1_, topicsset0_.dashboard_flag as dashboar3_5_1_, topicsset0_.index as index4_5_1_, topicsset0_.sub_topic_name as sub_topi5_5_1_, topicsset0_.topic_id as topic_id6_5_1_ from sub_topics topicsset0_ where topicsset0_.topic_id=?
2021-09-26 00:50:51,233 DEBUG org.hibernate.SQL [http-nio-8083-exec-6] select questions0_.question_id as question1_4_, questions0_.course_id as course_i2_4_, questions0_.course_name as course_n3_4_, questions0_.dashboard_flag as dashboar4_4_, questions0_.description as descript5_4_, questions0_.expanded as expanded6_4_, questions0_.flag as flag7_4_, questions0_.file_name as file_nam8_4_, questions0_.index as index9_4_, questions0_.likes as likes10_4_, questions0_.mat_card_flag as mat_car11_4_, questions0_.questions_name as questio12_4_, questions0_.sub_sub_topic_id as sub_sub13_4_, questions0_.sub_topic_name as sub_top14_4_, questions0_.sub_topic_id as sub_top18_4_, questions0_.topic_id as topic_i15_4_, questions0_.topic_name as topic_n16_4_, questions0_.year as year17_4_ from questions questions0_
2021-09-26 00:50:51,239 DEBUG org.hibernate.SQL [http-nio-8083-exec-6] select subtopics0_.sub_topic_id as sub_topi1_5_0_, subtopics0_.sub_topic_year as sub_topi2_5_0_, subtopics0_.dashboard_flag as dashboar3_5_0_, subtopics0_.index as index4_5_0_, subtopics0_.sub_topic_name as sub_topi5_5_0_, subtopics0_.topic_id as topic_id6_5_0_ from sub_topics subtopics0_ where subtopics0_.sub_topic_id=?
2021-09-26 00:50:51,244 DEBUG org.hibernate.SQL [http-nio-8083-exec-6] select topics0_.topic_id as topic_id1_6_0_, topics0_.course_id as course_i6_6_0_, topics0_.dashboard_flag as dashboar2_6_0_, topics0_.expanded as expanded3_6_0_, topics0_.index as index4_6_0_, topics0_.topic_name as topic_na5_6_0_, topicsset1_.topic_id as topic_id6_5_1_, topicsset1_.sub_topic_id as sub_topi1_5_1_, topicsset1_.sub_topic_id as sub_topi1_5_2_, topicsset1_.sub_topic_year as sub_topi2_5_2_, topicsset1_.dashboard_flag as dashboar3_5_2_, topicsset1_.index as index4_5_2_, topicsset1_.sub_topic_name as sub_topi5_5_2_, topicsset1_.topic_id as topic_id6_5_2_ from topics topics0_ left outer join sub_topics topicsset1_ on topics0_.topic_id=topicsset1_.topic_id where topics0_.topic_id=?
2021-09-26 00:50:51,256 DEBUG org.hibernate.SQL [http-nio-8083-exec-6] select course0_.course_id as course_i1_2_0_, course0_.course_name as course_n2_2_0_ from course course0_ where course0_.course_id=?
2021-09-26 00:50:51,278 DEBUG org.hibernate.SQL [http-nio-8083-exec-6] select answers0_.question_id as question3_1_0_, answers0_.ans_id as ans_id1_1_0_, answers0_.ans_id as ans_id1_1_1_, answers0_.ans as ans2_1_1_, answers0_.question_id as question3_1_1_ from answers answers0_ where answers0_.question_id=?
2021-09-26 00:50:51,285 DEBUG org.hibernate.SQL [http-nio-8083-exec-6] select answers0_.question_id as question3_1_0_, answers0_.ans_id as ans_id1_1_0_, answers0_.ans_id as ans_id1_1_1_, answers0_.ans as ans2_1_1_, answers0_.question_id as question3_1_1_ from answers answers0_ where answers0_.question_id=?
2021-09-26 00:50:51,301 DEBUG org.hibernate.SQL [http-nio-8083-exec-6] select answers0_.question_id as question3_1_0_, answers0_.ans_id as ans_id1_1_0_, answers0_.ans_id as ans_id1_1_1_, answers0_.ans as ans2_1_1_, answers0_.question_id as question3_1_1_ from answers answers0_ where answers0_.question_id=?
2021-09-26 00:50:51,304 DEBUG org.hibernate.SQL [http-nio-8083-exec-6] select answers0_.question_id as question3_1_0_, answers0_.ans_id as ans_id1_1_0_, answers0_.ans_id as ans_id1_1_1_, answers0_.ans as ans2_1_1_, answers0_.question_id as question3_1_1_ from answers answers0_ where answers0_.question_id=?
2021-09-26 00:51:48,482 DEBUG org.hibernate.SQL [http-nio-8083-exec-7] select questions0_.question_id as question1_4_0_, questions0_.course_id as course_i2_4_0_, questions0_.course_name as course_n3_4_0_, questions0_.dashboard_flag as dashboar4_4_0_, questions0_.description as descript5_4_0_, questions0_.expanded as expanded6_4_0_, questions0_.flag as flag7_4_0_, questions0_.file_name as file_nam8_4_0_, questions0_.index as index9_4_0_, questions0_.likes as likes10_4_0_, questions0_.mat_card_flag as mat_car11_4_0_, questions0_.questions_name as questio12_4_0_, questions0_.sub_sub_topic_id as sub_sub13_4_0_, questions0_.sub_topic_name as sub_top14_4_0_, questions0_.sub_topic_id as sub_top18_4_0_, questions0_.topic_id as topic_i15_4_0_, questions0_.topic_name as topic_n16_4_0_, questions0_.year as year17_4_0_, subtopics1_.sub_topic_id as sub_topi1_5_1_, subtopics1_.sub_topic_year as sub_topi2_5_1_, subtopics1_.dashboard_flag as dashboar3_5_1_, subtopics1_.index as index4_5_1_, subtopics1_.sub_topic_name as sub_topi5_5_1_, subtopics1_.topic_id as topic_id6_5_1_ from questions questions0_ left outer join sub_topics subtopics1_ on questions0_.sub_topic_id=subtopics1_.sub_topic_id where questions0_.question_id=?
2021-09-26 00:51:48,488 DEBUG org.hibernate.SQL [http-nio-8083-exec-7] select topics0_.topic_id as topic_id1_6_0_, topics0_.course_id as course_i6_6_0_, topics0_.dashboard_flag as dashboar2_6_0_, topics0_.expanded as expanded3_6_0_, topics0_.index as index4_6_0_, topics0_.topic_name as topic_na5_6_0_, topicsset1_.topic_id as topic_id6_5_1_, topicsset1_.sub_topic_id as sub_topi1_5_1_, topicsset1_.sub_topic_id as sub_topi1_5_2_, topicsset1_.sub_topic_year as sub_topi2_5_2_, topicsset1_.dashboard_flag as dashboar3_5_2_, topicsset1_.index as index4_5_2_, topicsset1_.sub_topic_name as sub_topi5_5_2_, topicsset1_.topic_id as topic_id6_5_2_ from topics topics0_ left outer join sub_topics topicsset1_ on topics0_.topic_id=topicsset1_.topic_id where topics0_.topic_id=?
2021-09-26 00:51:48,498 DEBUG org.hibernate.SQL [http-nio-8083-exec-7] select course0_.course_id as course_i1_2_0_, course0_.course_name as course_n2_2_0_ from course course0_ where course0_.course_id=?
2021-09-26 00:51:48,544 DEBUG org.hibernate.SQL [http-nio-8083-exec-7] select answers0_.ans_id as ans_id1_1_, answers0_.ans as ans2_1_, answers0_.question_id as question3_1_ from answers answers0_ where answers0_.question_id=?
2021-09-26 00:51:50,895 DEBUG org.hibernate.SQL [http-nio-8083-exec-8] select questions0_.question_id as question1_4_0_, questions0_.course_id as course_i2_4_0_, questions0_.course_name as course_n3_4_0_, questions0_.dashboard_flag as dashboar4_4_0_, questions0_.description as descript5_4_0_, questions0_.expanded as expanded6_4_0_, questions0_.flag as flag7_4_0_, questions0_.file_name as file_nam8_4_0_, questions0_.index as index9_4_0_, questions0_.likes as likes10_4_0_, questions0_.mat_card_flag as mat_car11_4_0_, questions0_.questions_name as questio12_4_0_, questions0_.sub_sub_topic_id as sub_sub13_4_0_, questions0_.sub_topic_name as sub_top14_4_0_, questions0_.sub_topic_id as sub_top18_4_0_, questions0_.topic_id as topic_i15_4_0_, questions0_.topic_name as topic_n16_4_0_, questions0_.year as year17_4_0_, subtopics1_.sub_topic_id as sub_topi1_5_1_, subtopics1_.sub_topic_year as sub_topi2_5_1_, subtopics1_.dashboard_flag as dashboar3_5_1_, subtopics1_.index as index4_5_1_, subtopics1_.sub_topic_name as sub_topi5_5_1_, subtopics1_.topic_id as topic_id6_5_1_ from questions questions0_ left outer join sub_topics subtopics1_ on questions0_.sub_topic_id=subtopics1_.sub_topic_id where questions0_.question_id=?
2021-09-26 00:51:50,911 DEBUG org.hibernate.SQL [http-nio-8083-exec-8] select topics0_.topic_id as topic_id1_6_0_, topics0_.course_id as course_i6_6_0_, topics0_.dashboard_flag as dashboar2_6_0_, topics0_.expanded as expanded3_6_0_, topics0_.index as index4_6_0_, topics0_.topic_name as topic_na5_6_0_, topicsset1_.topic_id as topic_id6_5_1_, topicsset1_.sub_topic_id as sub_topi1_5_1_, topicsset1_.sub_topic_id as sub_topi1_5_2_, topicsset1_.sub_topic_year as sub_topi2_5_2_, topicsset1_.dashboard_flag as dashboar3_5_2_, topicsset1_.index as index4_5_2_, topicsset1_.sub_topic_name as sub_topi5_5_2_, topicsset1_.topic_id as topic_id6_5_2_ from topics topics0_ left outer join sub_topics topicsset1_ on topics0_.topic_id=topicsset1_.topic_id where topics0_.topic_id=?
2021-09-26 00:51:50,914 DEBUG org.hibernate.SQL [http-nio-8083-exec-8] select course0_.course_id as course_i1_2_0_, course0_.course_name as course_n2_2_0_ from course course0_ where course0_.course_id=?
2021-09-26 00:51:50,924 DEBUG org.hibernate.SQL [http-nio-8083-exec-8] select answers0_.ans_id as ans_id1_1_, answers0_.ans as ans2_1_, answers0_.question_id as question3_1_ from answers answers0_ where answers0_.question_id=?
2021-09-26 00:56:30,514 DEBUG org.hibernate.SQL [http-nio-8083-exec-1] select course0_.course_id as course_i1_2_, course0_.course_name as course_n2_2_ from course course0_
2021-09-26 00:56:30,525 DEBUG org.hibernate.SQL [http-nio-8083-exec-1] select topics0_.course_id as course_i6_6_0_, topics0_.topic_id as topic_id1_6_0_, topics0_.topic_id as topic_id1_6_1_, topics0_.course_id as course_i6_6_1_, topics0_.dashboard_flag as dashboar2_6_1_, topics0_.expanded as expanded3_6_1_, topics0_.index as index4_6_1_, topics0_.topic_name as topic_na5_6_1_ from topics topics0_ where topics0_.course_id=?
2021-09-26 00:56:30,526 DEBUG org.hibernate.SQL [http-nio-8083-exec-4] select course0_.course_id as course_i1_2_, course0_.course_name as course_n2_2_ from course course0_
2021-09-26 00:56:30,533 DEBUG org.hibernate.SQL [http-nio-8083-exec-1] select topicsset0_.topic_id as topic_id6_5_0_, topicsset0_.sub_topic_id as sub_topi1_5_0_, topicsset0_.sub_topic_id as sub_topi1_5_1_, topicsset0_.sub_topic_year as sub_topi2_5_1_, topicsset0_.dashboard_flag as dashboar3_5_1_, topicsset0_.index as index4_5_1_, topicsset0_.sub_topic_name as sub_topi5_5_1_, topicsset0_.topic_id as topic_id6_5_1_ from sub_topics topicsset0_ where topicsset0_.topic_id=?
2021-09-26 00:56:30,536 DEBUG org.hibernate.SQL [http-nio-8083-exec-4] select topics0_.course_id as course_i6_6_0_, topics0_.topic_id as topic_id1_6_0_, topics0_.topic_id as topic_id1_6_1_, topics0_.course_id as course_i6_6_1_, topics0_.dashboard_flag as dashboar2_6_1_, topics0_.expanded as expanded3_6_1_, topics0_.index as index4_6_1_, topics0_.topic_name as topic_na5_6_1_ from topics topics0_ where topics0_.course_id=?
2021-09-26 00:56:30,539 DEBUG org.hibernate.SQL [http-nio-8083-exec-4] select topicsset0_.topic_id as topic_id6_5_0_, topicsset0_.sub_topic_id as sub_topi1_5_0_, topicsset0_.sub_topic_id as sub_topi1_5_1_, topicsset0_.sub_topic_year as sub_topi2_5_1_, topicsset0_.dashboard_flag as dashboar3_5_1_, topicsset0_.index as index4_5_1_, topicsset0_.sub_topic_name as sub_topi5_5_1_, topicsset0_.topic_id as topic_id6_5_1_ from sub_topics topicsset0_ where topicsset0_.topic_id=?
2021-09-26 00:56:30,612 DEBUG org.hibernate.SQL [http-nio-8083-exec-2] select course0_.course_id as course_i1_2_, course0_.course_name as course_n2_2_ from course course0_
2021-09-26 00:56:30,613 DEBUG org.hibernate.SQL [http-nio-8083-exec-5] select questions0_.question_id as question1_4_, questions0_.course_id as course_i2_4_, questions0_.course_name as course_n3_4_, questions0_.dashboard_flag as dashboar4_4_, questions0_.description as descript5_4_, questions0_.expanded as expanded6_4_, questions0_.flag as flag7_4_, questions0_.file_name as file_nam8_4_, questions0_.index as index9_4_, questions0_.likes as likes10_4_, questions0_.mat_card_flag as mat_car11_4_, questions0_.questions_name as questio12_4_, questions0_.sub_sub_topic_id as sub_sub13_4_, questions0_.sub_topic_name as sub_top14_4_, questions0_.sub_topic_id as sub_top18_4_, questions0_.topic_id as topic_i15_4_, questions0_.topic_name as topic_n16_4_, questions0_.year as year17_4_ from questions questions0_
2021-09-26 00:56:30,615 DEBUG org.hibernate.SQL [http-nio-8083-exec-2] select topics0_.course_id as course_i6_6_0_, topics0_.topic_id as topic_id1_6_0_, topics0_.topic_id as topic_id1_6_1_, topics0_.course_id as course_i6_6_1_, topics0_.dashboard_flag as dashboar2_6_1_, topics0_.expanded as expanded3_6_1_, topics0_.index as index4_6_1_, topics0_.topic_name as topic_na5_6_1_ from topics topics0_ where topics0_.course_id=?
2021-09-26 00:56:30,620 DEBUG org.hibernate.SQL [http-nio-8083-exec-2] select topicsset0_.topic_id as topic_id6_5_0_, topicsset0_.sub_topic_id as sub_topi1_5_0_, topicsset0_.sub_topic_id as sub_topi1_5_1_, topicsset0_.sub_topic_year as sub_topi2_5_1_, topicsset0_.dashboard_flag as dashboar3_5_1_, topicsset0_.index as index4_5_1_, topicsset0_.sub_topic_name as sub_topi5_5_1_, topicsset0_.topic_id as topic_id6_5_1_ from sub_topics topicsset0_ where topicsset0_.topic_id=?
2021-09-26 00:56:30,626 DEBUG org.hibernate.SQL [http-nio-8083-exec-5] select subtopics0_.sub_topic_id as sub_topi1_5_0_, subtopics0_.sub_topic_year as sub_topi2_5_0_, subtopics0_.dashboard_flag as dashboar3_5_0_, subtopics0_.index as index4_5_0_, subtopics0_.sub_topic_name as sub_topi5_5_0_, subtopics0_.topic_id as topic_id6_5_0_ from sub_topics subtopics0_ where subtopics0_.sub_topic_id=?
2021-09-26 00:56:30,630 DEBUG org.hibernate.SQL [http-nio-8083-exec-5] select topics0_.topic_id as topic_id1_6_0_, topics0_.course_id as course_i6_6_0_, topics0_.dashboard_flag as dashboar2_6_0_, topics0_.expanded as expanded3_6_0_, topics0_.index as index4_6_0_, topics0_.topic_name as topic_na5_6_0_, topicsset1_.topic_id as topic_id6_5_1_, topicsset1_.sub_topic_id as sub_topi1_5_1_, topicsset1_.sub_topic_id as sub_topi1_5_2_, topicsset1_.sub_topic_year as sub_topi2_5_2_, topicsset1_.dashboard_flag as dashboar3_5_2_, topicsset1_.index as index4_5_2_, topicsset1_.sub_topic_name as sub_topi5_5_2_, topicsset1_.topic_id as topic_id6_5_2_ from topics topics0_ left outer join sub_topics topicsset1_ on topics0_.topic_id=topicsset1_.topic_id where topics0_.topic_id=?
2021-09-26 00:56:30,634 DEBUG org.hibernate.SQL [http-nio-8083-exec-5] select course0_.course_id as course_i1_2_0_, course0_.course_name as course_n2_2_0_ from course course0_ where course0_.course_id=?
2021-09-26 00:56:30,645 DEBUG org.hibernate.SQL [http-nio-8083-exec-6] select advertisem0_.adv_id as adv_id1_0_, advertisem0_.product_link as product_2_0_ from advertisement advertisem0_
2021-09-26 00:56:30,675 DEBUG org.hibernate.SQL [http-nio-8083-exec-5] select answers0_.question_id as question3_1_0_, answers0_.ans_id as ans_id1_1_0_, answers0_.ans_id as ans_id1_1_1_, answers0_.ans as ans2_1_1_, answers0_.question_id as question3_1_1_ from answers answers0_ where answers0_.question_id=?
2021-09-26 00:56:30,686 DEBUG org.hibernate.SQL [http-nio-8083-exec-5] select answers0_.question_id as question3_1_0_, answers0_.ans_id as ans_id1_1_0_, answers0_.ans_id as ans_id1_1_1_, answers0_.ans as ans2_1_1_, answers0_.question_id as question3_1_1_ from answers answers0_ where answers0_.question_id=?
2021-09-26 00:56:30,692 DEBUG org.hibernate.SQL [http-nio-8083-exec-5] select answers0_.question_id as question3_1_0_, answers0_.ans_id as ans_id1_1_0_, answers0_.ans_id as ans_id1_1_1_, answers0_.ans as ans2_1_1_, answers0_.question_id as question3_1_1_ from answers answers0_ where answers0_.question_id=?
2021-09-26 00:56:30,698 DEBUG org.hibernate.SQL [http-nio-8083-exec-5] select answers0_.question_id as question3_1_0_, answers0_.ans_id as ans_id1_1_0_, answers0_.ans_id as ans_id1_1_1_, answers0_.ans as ans2_1_1_, answers0_.question_id as question3_1_1_ from answers answers0_ where answers0_.question_id=?
2021-09-26 00:56:30,700 DEBUG org.hibernate.SQL [http-nio-8083-exec-7] select questions0_.question_id as question1_4_, questions0_.course_id as course_i2_4_, questions0_.course_name as course_n3_4_, questions0_.dashboard_flag as dashboar4_4_, questions0_.description as descript5_4_, questions0_.expanded as expanded6_4_, questions0_.flag as flag7_4_, questions0_.file_name as file_nam8_4_, questions0_.index as index9_4_, questions0_.likes as likes10_4_, questions0_.mat_card_flag as mat_car11_4_, questions0_.questions_name as questio12_4_, questions0_.sub_sub_topic_id as sub_sub13_4_, questions0_.sub_topic_name as sub_top14_4_, questions0_.sub_topic_id as sub_top18_4_, questions0_.topic_id as topic_i15_4_, questions0_.topic_name as topic_n16_4_, questions0_.year as year17_4_ from questions questions0_
2021-09-26 00:56:30,703 DEBUG org.hibernate.SQL [http-nio-8083-exec-7] select subtopics0_.sub_topic_id as sub_topi1_5_0_, subtopics0_.sub_topic_year as sub_topi2_5_0_, subtopics0_.dashboard_flag as dashboar3_5_0_, subtopics0_.index as index4_5_0_, subtopics0_.sub_topic_name as sub_topi5_5_0_, subtopics0_.topic_id as topic_id6_5_0_ from sub_topics subtopics0_ where subtopics0_.sub_topic_id=?
2021-09-26 00:56:30,705 DEBUG org.hibernate.SQL [http-nio-8083-exec-7] select topics0_.topic_id as topic_id1_6_0_, topics0_.course_id as course_i6_6_0_, topics0_.dashboard_flag as dashboar2_6_0_, topics0_.expanded as expanded3_6_0_, topics0_.index as index4_6_0_, topics0_.topic_name as topic_na5_6_0_, topicsset1_.topic_id as topic_id6_5_1_, topicsset1_.sub_topic_id as sub_topi1_5_1_, topicsset1_.sub_topic_id as sub_topi1_5_2_, topicsset1_.sub_topic_year as sub_topi2_5_2_, topicsset1_.dashboard_flag as dashboar3_5_2_, topicsset1_.index as index4_5_2_, topicsset1_.sub_topic_name as sub_topi5_5_2_, topicsset1_.topic_id as topic_id6_5_2_ from topics topics0_ left outer join sub_topics topicsset1_ on topics0_.topic_id=topicsset1_.topic_id where topics0_.topic_id=?
2021-09-26 00:56:30,715 DEBUG org.hibernate.SQL [http-nio-8083-exec-7] select course0_.course_id as course_i1_2_0_, course0_.course_name as course_n2_2_0_ from course course0_ where course0_.course_id=?
2021-09-26 00:56:30,725 DEBUG org.hibernate.SQL [http-nio-8083-exec-7] select answers0_.question_id as question3_1_0_, answers0_.ans_id as ans_id1_1_0_, answers0_.ans_id as ans_id1_1_1_, answers0_.ans as ans2_1_1_, answers0_.question_id as question3_1_1_ from answers answers0_ where answers0_.question_id=?
2021-09-26 00:56:30,730 DEBUG org.hibernate.SQL [http-nio-8083-exec-7] select answers0_.question_id as question3_1_0_, answers0_.ans_id as ans_id1_1_0_, answers0_.ans_id as ans_id1_1_1_, answers0_.ans as ans2_1_1_, answers0_.question_id as question3_1_1_ from answers answers0_ where answers0_.question_id=?
2021-09-26 00:56:30,734 DEBUG org.hibernate.SQL [http-nio-8083-exec-7] select answers0_.question_id as question3_1_0_, answers0_.ans_id as ans_id1_1_0_, answers0_.ans_id as ans_id1_1_1_, answers0_.ans as ans2_1_1_, answers0_.question_id as question3_1_1_ from answers answers0_ where answers0_.question_id=?
2021-09-26 00:56:30,746 DEBUG org.hibernate.SQL [http-nio-8083-exec-7] select answers0_.question_id as question3_1_0_, answers0_.ans_id as ans_id1_1_0_, answers0_.ans_id as ans_id1_1_1_, answers0_.ans as ans2_1_1_, answers0_.question_id as question3_1_1_ from answers answers0_ where answers0_.question_id=?
2021-09-26 01:03:58,960 DEBUG org.hibernate.SQL [http-nio-8083-exec-9] select course0_.course_id as course_i1_2_, course0_.course_name as course_n2_2_ from course course0_
2021-09-26 01:03:58,964 DEBUG org.hibernate.SQL [http-nio-8083-exec-3] select course0_.course_id as course_i1_2_, course0_.course_name as course_n2_2_ from course course0_
2021-09-26 01:03:58,981 DEBUG org.hibernate.SQL [http-nio-8083-exec-9] select topics0_.course_id as course_i6_6_0_, topics0_.topic_id as topic_id1_6_0_, topics0_.topic_id as topic_id1_6_1_, topics0_.course_id as course_i6_6_1_, topics0_.dashboard_flag as dashboar2_6_1_, topics0_.expanded as expanded3_6_1_, topics0_.index as index4_6_1_, topics0_.topic_name as topic_na5_6_1_ from topics topics0_ where topics0_.course_id=?
2021-09-26 01:03:58,984 DEBUG org.hibernate.SQL [http-nio-8083-exec-9] select topicsset0_.topic_id as topic_id6_5_0_, topicsset0_.sub_topic_id as sub_topi1_5_0_, topicsset0_.sub_topic_id as sub_topi1_5_1_, topicsset0_.sub_topic_year as sub_topi2_5_1_, topicsset0_.dashboard_flag as dashboar3_5_1_, topicsset0_.index as index4_5_1_, topicsset0_.sub_topic_name as sub_topi5_5_1_, topicsset0_.topic_id as topic_id6_5_1_ from sub_topics topicsset0_ where topicsset0_.topic_id=?
2021-09-26 01:03:58,985 DEBUG org.hibernate.SQL [http-nio-8083-exec-3] select topics0_.course_id as course_i6_6_0_, topics0_.topic_id as topic_id1_6_0_, topics0_.topic_id as topic_id1_6_1_, topics0_.course_id as course_i6_6_1_, topics0_.dashboard_flag as dashboar2_6_1_, topics0_.expanded as expanded3_6_1_, topics0_.index as index4_6_1_, topics0_.topic_name as topic_na5_6_1_ from topics topics0_ where topics0_.course_id=?
2021-09-26 01:03:58,990 DEBUG org.hibernate.SQL [http-nio-8083-exec-3] select topicsset0_.topic_id as topic_id6_5_0_, topicsset0_.sub_topic_id as sub_topi1_5_0_, topicsset0_.sub_topic_id as sub_topi1_5_1_, topicsset0_.sub_topic_year as sub_topi2_5_1_, topicsset0_.dashboard_flag as dashboar3_5_1_, topicsset0_.index as index4_5_1_, topicsset0_.sub_topic_name as sub_topi5_5_1_, topicsset0_.topic_id as topic_id6_5_1_ from sub_topics topicsset0_ where topicsset0_.topic_id=?
2021-09-26 01:03:59,048 DEBUG org.hibernate.SQL [http-nio-8083-exec-4] select course0_.course_id as course_i1_2_, course0_.course_name as course_n2_2_ from course course0_
2021-09-26 01:03:59,056 DEBUG org.hibernate.SQL [http-nio-8083-exec-4] select topics0_.course_id as course_i6_6_0_, topics0_.topic_id as topic_id1_6_0_, topics0_.topic_id as topic_id1_6_1_, topics0_.course_id as course_i6_6_1_, topics0_.dashboard_flag as dashboar2_6_1_, topics0_.expanded as expanded3_6_1_, topics0_.index as index4_6_1_, topics0_.topic_name as topic_na5_6_1_ from topics topics0_ where topics0_.course_id=?
2021-09-26 01:03:59,059 DEBUG org.hibernate.SQL [http-nio-8083-exec-1] select questions0_.question_id as question1_4_, questions0_.course_id as course_i2_4_, questions0_.course_name as course_n3_4_, questions0_.dashboard_flag as dashboar4_4_, questions0_.description as descript5_4_, questions0_.expanded as expanded6_4_, questions0_.flag as flag7_4_, questions0_.file_name as file_nam8_4_, questions0_.index as index9_4_, questions0_.likes as likes10_4_, questions0_.mat_card_flag as mat_car11_4_, questions0_.questions_name as questio12_4_, questions0_.sub_sub_topic_id as sub_sub13_4_, questions0_.sub_topic_name as sub_top14_4_, questions0_.sub_topic_id as sub_top18_4_, questions0_.topic_id as topic_i15_4_, questions0_.topic_name as topic_n16_4_, questions0_.year as year17_4_ from questions questions0_
2021-09-26 01:03:59,060 DEBUG org.hibernate.SQL [http-nio-8083-exec-2] select advertisem0_.adv_id as adv_id1_0_, advertisem0_.product_link as product_2_0_ from advertisement advertisem0_
2021-09-26 01:03:59,062 DEBUG org.hibernate.SQL [http-nio-8083-exec-1] select subtopics0_.sub_topic_id as sub_topi1_5_0_, subtopics0_.sub_topic_year as sub_topi2_5_0_, subtopics0_.dashboard_flag as dashboar3_5_0_, subtopics0_.index as index4_5_0_, subtopics0_.sub_topic_name as sub_topi5_5_0_, subtopics0_.topic_id as topic_id6_5_0_ from sub_topics subtopics0_ where subtopics0_.sub_topic_id=?
2021-09-26 01:03:59,069 DEBUG org.hibernate.SQL [http-nio-8083-exec-1] select topics0_.topic_id as topic_id1_6_0_, topics0_.course_id as course_i6_6_0_, topics0_.dashboard_flag as dashboar2_6_0_, topics0_.expanded as expanded3_6_0_, topics0_.index as index4_6_0_, topics0_.topic_name as topic_na5_6_0_, topicsset1_.topic_id as topic_id6_5_1_, topicsset1_.sub_topic_id as sub_topi1_5_1_, topicsset1_.sub_topic_id as sub_topi1_5_2_, topicsset1_.sub_topic_year as sub_topi2_5_2_, topicsset1_.dashboard_flag as dashboar3_5_2_, topicsset1_.index as index4_5_2_, topicsset1_.sub_topic_name as sub_topi5_5_2_, topicsset1_.topic_id as topic_id6_5_2_ from topics topics0_ left outer join sub_topics topicsset1_ on topics0_.topic_id=topicsset1_.topic_id where topics0_.topic_id=?
2021-09-26 01:03:59,076 DEBUG org.hibernate.SQL [http-nio-8083-exec-1] select course0_.course_id as course_i1_2_0_, course0_.course_name as course_n2_2_0_ from course course0_ where course0_.course_id=?
2021-09-26 01:03:59,077 DEBUG org.hibernate.SQL [http-nio-8083-exec-4] select topicsset0_.topic_id as topic_id6_5_0_, topicsset0_.sub_topic_id as sub_topi1_5_0_, topicsset0_.sub_topic_id as sub_topi1_5_1_, topicsset0_.sub_topic_year as sub_topi2_5_1_, topicsset0_.dashboard_flag as dashboar3_5_1_, topicsset0_.index as index4_5_1_, topicsset0_.sub_topic_name as sub_topi5_5_1_, topicsset0_.topic_id as topic_id6_5_1_ from sub_topics topicsset0_ where topicsset0_.topic_id=?
2021-09-26 01:03:59,091 DEBUG org.hibernate.SQL [http-nio-8083-exec-1] select answers0_.question_id as question3_1_0_, answers0_.ans_id as ans_id1_1_0_, answers0_.ans_id as ans_id1_1_1_, answers0_.ans as ans2_1_1_, answers0_.question_id as question3_1_1_ from answers answers0_ where answers0_.question_id=?
2021-09-26 01:03:59,095 DEBUG org.hibernate.SQL [http-nio-8083-exec-1] select answers0_.question_id as question3_1_0_, answers0_.ans_id as ans_id1_1_0_, answers0_.ans_id as ans_id1_1_1_, answers0_.ans as ans2_1_1_, answers0_.question_id as question3_1_1_ from answers answers0_ where answers0_.question_id=?
2021-09-26 01:03:59,101 DEBUG org.hibernate.SQL [http-nio-8083-exec-1] select answers0_.question_id as question3_1_0_, answers0_.ans_id as ans_id1_1_0_, answers0_.ans_id as ans_id1_1_1_, answers0_.ans as ans2_1_1_, answers0_.question_id as question3_1_1_ from answers answers0_ where answers0_.question_id=?
2021-09-26 01:03:59,104 DEBUG org.hibernate.SQL [http-nio-8083-exec-1] select answers0_.question_id as question3_1_0_, answers0_.ans_id as ans_id1_1_0_, answers0_.ans_id as ans_id1_1_1_, answers0_.ans as ans2_1_1_, answers0_.question_id as question3_1_1_ from answers answers0_ where answers0_.question_id=?
2021-09-26 01:03:59,291 DEBUG org.hibernate.SQL [http-nio-8083-exec-6] select questions0_.question_id as question1_4_, questions0_.course_id as course_i2_4_, questions0_.course_name as course_n3_4_, questions0_.dashboard_flag as dashboar4_4_, questions0_.description as descript5_4_, questions0_.expanded as expanded6_4_, questions0_.flag as flag7_4_, questions0_.file_name as file_nam8_4_, questions0_.index as index9_4_, questions0_.likes as likes10_4_, questions0_.mat_card_flag as mat_car11_4_, questions0_.questions_name as questio12_4_, questions0_.sub_sub_topic_id as sub_sub13_4_, questions0_.sub_topic_name as sub_top14_4_, questions0_.sub_topic_id as sub_top18_4_, questions0_.topic_id as topic_i15_4_, questions0_.topic_name as topic_n16_4_, questions0_.year as year17_4_ from questions questions0_
2021-09-26 01:03:59,294 DEBUG org.hibernate.SQL [http-nio-8083-exec-6] select subtopics0_.sub_topic_id as sub_topi1_5_0_, subtopics0_.sub_topic_year as sub_topi2_5_0_, subtopics0_.dashboard_flag as dashboar3_5_0_, subtopics0_.index as index4_5_0_, subtopics0_.sub_topic_name as sub_topi5_5_0_, subtopics0_.topic_id as topic_id6_5_0_ from sub_topics subtopics0_ where subtopics0_.sub_topic_id=?
2021-09-26 01:03:59,301 DEBUG org.hibernate.SQL [http-nio-8083-exec-6] select topics0_.topic_id as topic_id1_6_0_, topics0_.course_id as course_i6_6_0_, topics0_.dashboard_flag as dashboar2_6_0_, topics0_.expanded as expanded3_6_0_, topics0_.index as index4_6_0_, topics0_.topic_name as topic_na5_6_0_, topicsset1_.topic_id as topic_id6_5_1_, topicsset1_.sub_topic_id as sub_topi1_5_1_, topicsset1_.sub_topic_id as sub_topi1_5_2_, topicsset1_.sub_topic_year as sub_topi2_5_2_, topicsset1_.dashboard_flag as dashboar3_5_2_, topicsset1_.index as index4_5_2_, topicsset1_.sub_topic_name as sub_topi5_5_2_, topicsset1_.topic_id as topic_id6_5_2_ from topics topics0_ left outer join sub_topics topicsset1_ on topics0_.topic_id=topicsset1_.topic_id where topics0_.topic_id=?
2021-09-26 01:03:59,304 DEBUG org.hibernate.SQL [http-nio-8083-exec-6] select course0_.course_id as course_i1_2_0_, course0_.course_name as course_n2_2_0_ from course course0_ where course0_.course_id=?
2021-09-26 01:03:59,310 DEBUG org.hibernate.SQL [http-nio-8083-exec-6] select answers0_.question_id as question3_1_0_, answers0_.ans_id as ans_id1_1_0_, answers0_.ans_id as ans_id1_1_1_, answers0_.ans as ans2_1_1_, answers0_.question_id as question3_1_1_ from answers answers0_ where answers0_.question_id=?
2021-09-26 01:03:59,315 DEBUG org.hibernate.SQL [http-nio-8083-exec-6] select answers0_.question_id as question3_1_0_, answers0_.ans_id as ans_id1_1_0_, answers0_.ans_id as ans_id1_1_1_, answers0_.ans as ans2_1_1_, answers0_.question_id as question3_1_1_ from answers answers0_ where answers0_.question_id=?
2021-09-26 01:03:59,318 DEBUG org.hibernate.SQL [http-nio-8083-exec-6] select answers0_.question_id as question3_1_0_, answers0_.ans_id as ans_id1_1_0_, answers0_.ans_id as ans_id1_1_1_, answers0_.ans as ans2_1_1_, answers0_.question_id as question3_1_1_ from answers answers0_ where answers0_.question_id=?
2021-09-26 01:03:59,322 DEBUG org.hibernate.SQL [http-nio-8083-exec-6] select answers0_.question_id as question3_1_0_, answers0_.ans_id as ans_id1_1_0_, answers0_.ans_id as ans_id1_1_1_, answers0_.ans as ans2_1_1_, answers0_.question_id as question3_1_1_ from answers answers0_ where answers0_.question_id=?
2021-09-26 01:04:12,828 DEBUG org.hibernate.SQL [http-nio-8083-exec-5] select course0_.course_id as course_i1_2_, course0_.course_name as course_n2_2_ from course course0_
2021-09-26 01:04:12,831 DEBUG org.hibernate.SQL [http-nio-8083-exec-5] select topics0_.course_id as course_i6_6_0_, topics0_.topic_id as topic_id1_6_0_, topics0_.topic_id as topic_id1_6_1_, topics0_.course_id as course_i6_6_1_, topics0_.dashboard_flag as dashboar2_6_1_, topics0_.expanded as expanded3_6_1_, topics0_.index as index4_6_1_, topics0_.topic_name as topic_na5_6_1_ from topics topics0_ where topics0_.course_id=?
2021-09-26 01:04:12,834 DEBUG org.hibernate.SQL [http-nio-8083-exec-5] select topicsset0_.topic_id as topic_id6_5_0_, topicsset0_.sub_topic_id as sub_topi1_5_0_, topicsset0_.sub_topic_id as sub_topi1_5_1_, topicsset0_.sub_topic_year as sub_topi2_5_1_, topicsset0_.dashboard_flag as dashboar3_5_1_, topicsset0_.index as index4_5_1_, topicsset0_.sub_topic_name as sub_topi5_5_1_, topicsset0_.topic_id as topic_id6_5_1_ from sub_topics topicsset0_ where topicsset0_.topic_id=?
2021-09-26 01:04:12,914 DEBUG org.hibernate.SQL [http-nio-8083-exec-7] select course0_.course_id as course_i1_2_, course0_.course_name as course_n2_2_ from course course0_
2021-09-26 01:04:12,919 DEBUG org.hibernate.SQL [http-nio-8083-exec-7] select topics0_.course_id as course_i6_6_0_, topics0_.topic_id as topic_id1_6_0_, topics0_.topic_id as topic_id1_6_1_, topics0_.course_id as course_i6_6_1_, topics0_.dashboard_flag as dashboar2_6_1_, topics0_.expanded as expanded3_6_1_, topics0_.index as index4_6_1_, topics0_.topic_name as topic_na5_6_1_ from topics topics0_ where topics0_.course_id=?
2021-09-26 01:04:12,926 DEBUG org.hibernate.SQL [http-nio-8083-exec-7] select topicsset0_.topic_id as topic_id6_5_0_, topicsset0_.sub_topic_id as sub_topi1_5_0_, topicsset0_.sub_topic_id as sub_topi1_5_1_, topicsset0_.sub_topic_year as sub_topi2_5_1_, topicsset0_.dashboard_flag as dashboar3_5_1_, topicsset0_.index as index4_5_1_, topicsset0_.sub_topic_name as sub_topi5_5_1_, topicsset0_.topic_id as topic_id6_5_1_ from sub_topics topicsset0_ where topicsset0_.topic_id=?
2021-09-26 01:04:12,994 DEBUG org.hibernate.SQL [http-nio-8083-exec-8] select course0_.course_id as course_i1_2_, course0_.course_name as course_n2_2_ from course course0_
2021-09-26 01:04:12,998 DEBUG org.hibernate.SQL [http-nio-8083-exec-10] select questions0_.question_id as question1_4_, questions0_.course_id as course_i2_4_, questions0_.course_name as course_n3_4_, questions0_.dashboard_flag as dashboar4_4_, questions0_.description as descript5_4_, questions0_.expanded as expanded6_4_, questions0_.flag as flag7_4_, questions0_.file_name as file_nam8_4_, questions0_.index as index9_4_, questions0_.likes as likes10_4_, questions0_.mat_card_flag as mat_car11_4_, questions0_.questions_name as questio12_4_, questions0_.sub_sub_topic_id as sub_sub13_4_, questions0_.sub_topic_name as sub_top14_4_, questions0_.sub_topic_id as sub_top18_4_, questions0_.topic_id as topic_i15_4_, questions0_.topic_name as topic_n16_4_, questions0_.year as year17_4_ from questions questions0_
2021-09-26 01:04:13,006 DEBUG org.hibernate.SQL [http-nio-8083-exec-10] select subtopics0_.sub_topic_id as sub_topi1_5_0_, subtopics0_.sub_topic_year as sub_topi2_5_0_, subtopics0_.dashboard_flag as dashboar3_5_0_, subtopics0_.index as index4_5_0_, subtopics0_.sub_topic_name as sub_topi5_5_0_, subtopics0_.topic_id as topic_id6_5_0_ from sub_topics subtopics0_ where subtopics0_.sub_topic_id=?
2021-09-26 01:04:13,010 DEBUG org.hibernate.SQL [http-nio-8083-exec-9] select advertisem0_.adv_id as adv_id1_0_, advertisem0_.product_link as product_2_0_ from advertisement advertisem0_
2021-09-26 01:04:13,008 DEBUG org.hibernate.SQL [http-nio-8083-exec-8] select topics0_.course_id as course_i6_6_0_, topics0_.topic_id as topic_id1_6_0_, topics0_.topic_id as topic_id1_6_1_, topics0_.course_id as course_i6_6_1_, topics0_.dashboard_flag as dashboar2_6_1_, topics0_.expanded as expanded3_6_1_, topics0_.index as index4_6_1_, topics0_.topic_name as topic_na5_6_1_ from topics topics0_ where topics0_.course_id=?
2021-09-26 01:04:13,011 DEBUG org.hibernate.SQL [http-nio-8083-exec-10] select topics0_.topic_id as topic_id1_6_0_, topics0_.course_id as course_i6_6_0_, topics0_.dashboard_flag as dashboar2_6_0_, topics0_.expanded as expanded3_6_0_, topics0_.index as index4_6_0_, topics0_.topic_name as topic_na5_6_0_, topicsset1_.topic_id as topic_id6_5_1_, topicsset1_.sub_topic_id as sub_topi1_5_1_, topicsset1_.sub_topic_id as sub_topi1_5_2_, topicsset1_.sub_topic_year as sub_topi2_5_2_, topicsset1_.dashboard_flag as dashboar3_5_2_, topicsset1_.index as index4_5_2_, topicsset1_.sub_topic_name as sub_topi5_5_2_, topicsset1_.topic_id as topic_id6_5_2_ from topics topics0_ left outer join sub_topics topicsset1_ on topics0_.topic_id=topicsset1_.topic_id where topics0_.topic_id=?
2021-09-26 01:04:13,017 DEBUG org.hibernate.SQL [http-nio-8083-exec-10] select course0_.course_id as course_i1_2_0_, course0_.course_name as course_n2_2_0_ from course course0_ where course0_.course_id=?
2021-09-26 01:04:13,022 DEBUG org.hibernate.SQL [http-nio-8083-exec-10] select answers0_.question_id as question3_1_0_, answers0_.ans_id as ans_id1_1_0_, answers0_.ans_id as ans_id1_1_1_, answers0_.ans as ans2_1_1_, answers0_.question_id as question3_1_1_ from answers answers0_ where answers0_.question_id=?
2021-09-26 01:04:13,028 DEBUG org.hibernate.SQL [http-nio-8083-exec-10] select answers0_.question_id as question3_1_0_, answers0_.ans_id as ans_id1_1_0_, answers0_.ans_id as ans_id1_1_1_, answers0_.ans as ans2_1_1_, answers0_.question_id as question3_1_1_ from answers answers0_ where answers0_.question_id=?
2021-09-26 01:04:13,031 DEBUG org.hibernate.SQL [http-nio-8083-exec-8] select topicsset0_.topic_id as topic_id6_5_0_, topicsset0_.sub_topic_id as sub_topi1_5_0_, topicsset0_.sub_topic_id as sub_topi1_5_1_, topicsset0_.sub_topic_year as sub_topi2_5_1_, topicsset0_.dashboard_flag as dashboar3_5_1_, topicsset0_.index as index4_5_1_, topicsset0_.sub_topic_name as sub_topi5_5_1_, topicsset0_.topic_id as topic_id6_5_1_ from sub_topics topicsset0_ where topicsset0_.topic_id=?
2021-09-26 01:04:13,033 DEBUG org.hibernate.SQL [http-nio-8083-exec-10] select answers0_.question_id as question3_1_0_, answers0_.ans_id as ans_id1_1_0_, answers0_.ans_id as ans_id1_1_1_, answers0_.ans as ans2_1_1_, answers0_.question_id as question3_1_1_ from answers answers0_ where answers0_.question_id=?
2021-09-26 01:04:13,037 DEBUG org.hibernate.SQL [http-nio-8083-exec-10] select answers0_.question_id as question3_1_0_, answers0_.ans_id as ans_id1_1_0_, answers0_.ans_id as ans_id1_1_1_, answers0_.ans as ans2_1_1_, answers0_.question_id as question3_1_1_ from answers answers0_ where answers0_.question_id=?
2021-09-26 01:04:13,395 DEBUG org.hibernate.SQL [http-nio-8083-exec-3] select questions0_.question_id as question1_4_, questions0_.course_id as course_i2_4_, questions0_.course_name as course_n3_4_, questions0_.dashboard_flag as dashboar4_4_, questions0_.description as descript5_4_, questions0_.expanded as expanded6_4_, questions0_.flag as flag7_4_, questions0_.file_name as file_nam8_4_, questions0_.index as index9_4_, questions0_.likes as likes10_4_, questions0_.mat_card_flag as mat_car11_4_, questions0_.questions_name as questio12_4_, questions0_.sub_sub_topic_id as sub_sub13_4_, questions0_.sub_topic_name as sub_top14_4_, questions0_.sub_topic_id as sub_top18_4_, questions0_.topic_id as topic_i15_4_, questions0_.topic_name as topic_n16_4_, questions0_.year as year17_4_ from questions questions0_
2021-09-26 01:04:13,398 DEBUG org.hibernate.SQL [http-nio-8083-exec-3] select subtopics0_.sub_topic_id as sub_topi1_5_0_, subtopics0_.sub_topic_year as sub_topi2_5_0_, subtopics0_.dashboard_flag as dashboar3_5_0_, subtopics0_.index as index4_5_0_, subtopics0_.sub_topic_name as sub_topi5_5_0_, subtopics0_.topic_id as topic_id6_5_0_ from sub_topics subtopics0_ where subtopics0_.sub_topic_id=?
2021-09-26 01:04:13,401 DEBUG org.hibernate.SQL [http-nio-8083-exec-3] select topics0_.topic_id as topic_id1_6_0_, topics0_.course_id as course_i6_6_0_, topics0_.dashboard_flag as dashboar2_6_0_, topics0_.expanded as expanded3_6_0_, topics0_.index as index4_6_0_, topics0_.topic_name as topic_na5_6_0_, topicsset1_.topic_id as topic_id6_5_1_, topicsset1_.sub_topic_id as sub_topi1_5_1_, topicsset1_.sub_topic_id as sub_topi1_5_2_, topicsset1_.sub_topic_year as sub_topi2_5_2_, topicsset1_.dashboard_flag as dashboar3_5_2_, topicsset1_.index as index4_5_2_, topicsset1_.sub_topic_name as sub_topi5_5_2_, topicsset1_.topic_id as topic_id6_5_2_ from topics topics0_ left outer join sub_topics topicsset1_ on topics0_.topic_id=topicsset1_.topic_id where topics0_.topic_id=?
2021-09-26 01:04:13,404 DEBUG org.hibernate.SQL [http-nio-8083-exec-3] select course0_.course_id as course_i1_2_0_, course0_.course_name as course_n2_2_0_ from course course0_ where course0_.course_id=?
2021-09-26 01:04:13,409 DEBUG org.hibernate.SQL [http-nio-8083-exec-3] select answers0_.question_id as question3_1_0_, answers0_.ans_id as ans_id1_1_0_, answers0_.ans_id as ans_id1_1_1_, answers0_.ans as ans2_1_1_, answers0_.question_id as question3_1_1_ from answers answers0_ where answers0_.question_id=?
2021-09-26 01:04:13,411 DEBUG org.hibernate.SQL [http-nio-8083-exec-3] select answers0_.question_id as question3_1_0_, answers0_.ans_id as ans_id1_1_0_, answers0_.ans_id as ans_id1_1_1_, answers0_.ans as ans2_1_1_, answers0_.question_id as question3_1_1_ from answers answers0_ where answers0_.question_id=?
2021-09-26 01:04:13,413 DEBUG org.hibernate.SQL [http-nio-8083-exec-3] select answers0_.question_id as question3_1_0_, answers0_.ans_id as ans_id1_1_0_, answers0_.ans_id as ans_id1_1_1_, answers0_.ans as ans2_1_1_, answers0_.question_id as question3_1_1_ from answers answers0_ where answers0_.question_id=?
2021-09-26 01:04:13,416 DEBUG org.hibernate.SQL [http-nio-8083-exec-3] select answers0_.question_id as question3_1_0_, answers0_.ans_id as ans_id1_1_0_, answers0_.ans_id as ans_id1_1_1_, answers0_.ans as ans2_1_1_, answers0_.question_id as question3_1_1_ from answers answers0_ where answers0_.question_id=?
2021-09-26 01:04:53,705 DEBUG org.hibernate.SQL [http-nio-8083-exec-2] select course0_.course_id as course_i1_2_, course0_.course_name as course_n2_2_ from course course0_
2021-09-26 01:04:53,713 DEBUG org.hibernate.SQL [http-nio-8083-exec-2] select topics0_.course_id as course_i6_6_0_, topics0_.topic_id as topic_id1_6_0_, topics0_.topic_id as topic_id1_6_1_, topics0_.course_id as course_i6_6_1_, topics0_.dashboard_flag as dashboar2_6_1_, topics0_.expanded as expanded3_6_1_, topics0_.index as index4_6_1_, topics0_.topic_name as topic_na5_6_1_ from topics topics0_ where topics0_.course_id=?
2021-09-26 01:04:53,718 DEBUG org.hibernate.SQL [http-nio-8083-exec-2] select topicsset0_.topic_id as topic_id6_5_0_, topicsset0_.sub_topic_id as sub_topi1_5_0_, topicsset0_.sub_topic_id as sub_topi1_5_1_, topicsset0_.sub_topic_year as sub_topi2_5_1_, topicsset0_.dashboard_flag as dashboar3_5_1_, topicsset0_.index as index4_5_1_, topicsset0_.sub_topic_name as sub_topi5_5_1_, topicsset0_.topic_id as topic_id6_5_1_ from sub_topics topicsset0_ where topicsset0_.topic_id=?
2021-09-26 01:04:53,747 DEBUG org.hibernate.SQL [http-nio-8083-exec-4] select course0_.course_id as course_i1_2_, course0_.course_name as course_n2_2_ from course course0_
2021-09-26 01:04:53,763 DEBUG org.hibernate.SQL [http-nio-8083-exec-4] select topics0_.course_id as course_i6_6_0_, topics0_.topic_id as topic_id1_6_0_, topics0_.topic_id as topic_id1_6_1_, topics0_.course_id as course_i6_6_1_, topics0_.dashboard_flag as dashboar2_6_1_, topics0_.expanded as expanded3_6_1_, topics0_.index as index4_6_1_, topics0_.topic_name as topic_na5_6_1_ from topics topics0_ where topics0_.course_id=?
2021-09-26 01:04:53,766 DEBUG org.hibernate.SQL [http-nio-8083-exec-4] select topicsset0_.topic_id as topic_id6_5_0_, topicsset0_.sub_topic_id as sub_topi1_5_0_, topicsset0_.sub_topic_id as sub_topi1_5_1_, topicsset0_.sub_topic_year as sub_topi2_5_1_, topicsset0_.dashboard_flag as dashboar3_5_1_, topicsset0_.index as index4_5_1_, topicsset0_.sub_topic_name as sub_topi5_5_1_, topicsset0_.topic_id as topic_id6_5_1_ from sub_topics topicsset0_ where topicsset0_.topic_id=?
2021-09-26 01:04:53,860 DEBUG org.hibernate.SQL [http-nio-8083-exec-1] select course0_.course_id as course_i1_2_, course0_.course_name as course_n2_2_ from course course0_
2021-09-26 01:04:53,861 DEBUG org.hibernate.SQL [http-nio-8083-exec-6] select questions0_.question_id as question1_4_, questions0_.course_id as course_i2_4_, questions0_.course_name as course_n3_4_, questions0_.dashboard_flag as dashboar4_4_, questions0_.description as descript5_4_, questions0_.expanded as expanded6_4_, questions0_.flag as flag7_4_, questions0_.file_name as file_nam8_4_, questions0_.index as index9_4_, questions0_.likes as likes10_4_, questions0_.mat_card_flag as mat_car11_4_, questions0_.questions_name as questio12_4_, questions0_.sub_sub_topic_id as sub_sub13_4_, questions0_.sub_topic_name as sub_top14_4_, questions0_.sub_topic_id as sub_top18_4_, questions0_.topic_id as topic_i15_4_, questions0_.topic_name as topic_n16_4_, questions0_.year as year17_4_ from questions questions0_
2021-09-26 01:04:53,864 DEBUG org.hibernate.SQL [http-nio-8083-exec-6] select subtopics0_.sub_topic_id as sub_topi1_5_0_, subtopics0_.sub_topic_year as sub_topi2_5_0_, subtopics0_.dashboard_flag as dashboar3_5_0_, subtopics0_.index as index4_5_0_, subtopics0_.sub_topic_name as sub_topi5_5_0_, subtopics0_.topic_id as topic_id6_5_0_ from sub_topics subtopics0_ where subtopics0_.sub_topic_id=?
2021-09-26 01:04:53,866 DEBUG org.hibernate.SQL [http-nio-8083-exec-1] select topics0_.course_id as course_i6_6_0_, topics0_.topic_id as topic_id1_6_0_, topics0_.topic_id as topic_id1_6_1_, topics0_.course_id as course_i6_6_1_, topics0_.dashboard_flag as dashboar2_6_1_, topics0_.expanded as expanded3_6_1_, topics0_.index as index4_6_1_, topics0_.topic_name as topic_na5_6_1_ from topics topics0_ where topics0_.course_id=?
2021-09-26 01:04:53,867 DEBUG org.hibernate.SQL [http-nio-8083-exec-6] select topics0_.topic_id as topic_id1_6_0_, topics0_.course_id as course_i6_6_0_, topics0_.dashboard_flag as dashboar2_6_0_, topics0_.expanded as expanded3_6_0_, topics0_.index as index4_6_0_, topics0_.topic_name as topic_na5_6_0_, topicsset1_.topic_id as topic_id6_5_1_, topicsset1_.sub_topic_id as sub_topi1_5_1_, topicsset1_.sub_topic_id as sub_topi1_5_2_, topicsset1_.sub_topic_year as sub_topi2_5_2_, topicsset1_.dashboard_flag as dashboar3_5_2_, topicsset1_.index as index4_5_2_, topicsset1_.sub_topic_name as sub_topi5_5_2_, topicsset1_.topic_id as topic_id6_5_2_ from topics topics0_ left outer join sub_topics topicsset1_ on topics0_.topic_id=topicsset1_.topic_id where topics0_.topic_id=?
2021-09-26 01:04:53,869 DEBUG org.hibernate.SQL [http-nio-8083-exec-1] select topicsset0_.topic_id as topic_id6_5_0_, topicsset0_.sub_topic_id as sub_topi1_5_0_, topicsset0_.sub_topic_id as sub_topi1_5_1_, topicsset0_.sub_topic_year as sub_topi2_5_1_, topicsset0_.dashboard_flag as dashboar3_5_1_, topicsset0_.index as index4_5_1_, topicsset0_.sub_topic_name as sub_topi5_5_1_, topicsset0_.topic_id as topic_id6_5_1_ from sub_topics topicsset0_ where topicsset0_.topic_id=?
2021-09-26 01:04:53,870 DEBUG org.hibernate.SQL [http-nio-8083-exec-6] select course0_.course_id as course_i1_2_0_, course0_.course_name as course_n2_2_0_ from course course0_ where course0_.course_id=?
2021-09-26 01:04:53,881 DEBUG org.hibernate.SQL [http-nio-8083-exec-5] select advertisem0_.adv_id as adv_id1_0_, advertisem0_.product_link as product_2_0_ from advertisement advertisem0_
2021-09-26 01:04:53,881 DEBUG org.hibernate.SQL [http-nio-8083-exec-6] select answers0_.question_id as question3_1_0_, answers0_.ans_id as ans_id1_1_0_, answers0_.ans_id as ans_id1_1_1_, answers0_.ans as ans2_1_1_, answers0_.question_id as question3_1_1_ from answers answers0_ where answers0_.question_id=?
2021-09-26 01:04:53,888 DEBUG org.hibernate.SQL [http-nio-8083-exec-6] select answers0_.question_id as question3_1_0_, answers0_.ans_id as ans_id1_1_0_, answers0_.ans_id as ans_id1_1_1_, answers0_.ans as ans2_1_1_, answers0_.question_id as question3_1_1_ from answers answers0_ where answers0_.question_id=?
2021-09-26 01:04:53,892 DEBUG org.hibernate.SQL [http-nio-8083-exec-6] select answers0_.question_id as question3_1_0_, answers0_.ans_id as ans_id1_1_0_, answers0_.ans_id as ans_id1_1_1_, answers0_.ans as ans2_1_1_, answers0_.question_id as question3_1_1_ from answers answers0_ where answers0_.question_id=?
2021-09-26 01:04:53,898 DEBUG org.hibernate.SQL [http-nio-8083-exec-6] select answers0_.question_id as question3_1_0_, answers0_.ans_id as ans_id1_1_0_, answers0_.ans_id as ans_id1_1_1_, answers0_.ans as ans2_1_1_, answers0_.question_id as question3_1_1_ from answers answers0_ where answers0_.question_id=?
2021-09-26 01:04:54,012 DEBUG org.hibernate.SQL [http-nio-8083-exec-7] select questions0_.question_id as question1_4_, questions0_.course_id as course_i2_4_, questions0_.course_name as course_n3_4_, questions0_.dashboard_flag as dashboar4_4_, questions0_.description as descript5_4_, questions0_.expanded as expanded6_4_, questions0_.flag as flag7_4_, questions0_.file_name as file_nam8_4_, questions0_.index as index9_4_, questions0_.likes as likes10_4_, questions0_.mat_card_flag as mat_car11_4_, questions0_.questions_name as questio12_4_, questions0_.sub_sub_topic_id as sub_sub13_4_, questions0_.sub_topic_name as sub_top14_4_, questions0_.sub_topic_id as sub_top18_4_, questions0_.topic_id as topic_i15_4_, questions0_.topic_name as topic_n16_4_, questions0_.year as year17_4_ from questions questions0_
2021-09-26 01:04:54,013 DEBUG org.hibernate.SQL [http-nio-8083-exec-7] select subtopics0_.sub_topic_id as sub_topi1_5_0_, subtopics0_.sub_topic_year as sub_topi2_5_0_, subtopics0_.dashboard_flag as dashboar3_5_0_, subtopics0_.index as index4_5_0_, subtopics0_.sub_topic_name as sub_topi5_5_0_, subtopics0_.topic_id as topic_id6_5_0_ from sub_topics subtopics0_ where subtopics0_.sub_topic_id=?
2021-09-26 01:04:54,015 DEBUG org.hibernate.SQL [http-nio-8083-exec-7] select topics0_.topic_id as topic_id1_6_0_, topics0_.course_id as course_i6_6_0_, topics0_.dashboard_flag as dashboar2_6_0_, topics0_.expanded as expanded3_6_0_, topics0_.index as index4_6_0_, topics0_.topic_name as topic_na5_6_0_, topicsset1_.topic_id as topic_id6_5_1_, topicsset1_.sub_topic_id as sub_topi1_5_1_, topicsset1_.sub_topic_id as sub_topi1_5_2_, topicsset1_.sub_topic_year as sub_topi2_5_2_, topicsset1_.dashboard_flag as dashboar3_5_2_, topicsset1_.index as index4_5_2_, topicsset1_.sub_topic_name as sub_topi5_5_2_, topicsset1_.topic_id as topic_id6_5_2_ from topics topics0_ left outer join sub_topics topicsset1_ on topics0_.topic_id=topicsset1_.topic_id where topics0_.topic_id=?
2021-09-26 01:04:54,016 DEBUG org.hibernate.SQL [http-nio-8083-exec-7] select course0_.course_id as course_i1_2_0_, course0_.course_name as course_n2_2_0_ from course course0_ where course0_.course_id=?
2021-09-26 01:04:54,023 DEBUG org.hibernate.SQL [http-nio-8083-exec-7] select answers0_.question_id as question3_1_0_, answers0_.ans_id as ans_id1_1_0_, answers0_.ans_id as ans_id1_1_1_, answers0_.ans as ans2_1_1_, answers0_.question_id as question3_1_1_ from answers answers0_ where answers0_.question_id=?
2021-09-26 01:04:54,025 DEBUG org.hibernate.SQL [http-nio-8083-exec-7] select answers0_.question_id as question3_1_0_, answers0_.ans_id as ans_id1_1_0_, answers0_.ans_id as ans_id1_1_1_, answers0_.ans as ans2_1_1_, answers0_.question_id as question3_1_1_ from answers answers0_ where answers0_.question_id=?
2021-09-26 01:04:54,027 DEBUG org.hibernate.SQL [http-nio-8083-exec-7] select answers0_.question_id as question3_1_0_, answers0_.ans_id as ans_id1_1_0_, answers0_.ans_id as ans_id1_1_1_, answers0_.ans as ans2_1_1_, answers0_.question_id as question3_1_1_ from answers answers0_ where answers0_.question_id=?
2021-09-26 01:04:54,029 DEBUG org.hibernate.SQL [http-nio-8083-exec-7] select answers0_.question_id as question3_1_0_, answers0_.ans_id as ans_id1_1_0_, answers0_.ans_id as ans_id1_1_1_, answers0_.ans as ans2_1_1_, answers0_.question_id as question3_1_1_ from answers answers0_ where answers0_.question_id=?
2021-09-26 02:45:23,249 INFO com.zaxxer.hikari.HikariDataSource [Thread-9] HikariPool-1 - Shutdown initiated...
2021-09-26 02:45:23,429 INFO com.zaxxer.hikari.HikariDataSource [Thread-9] HikariPool-1 - Shutdown completed.
